Build started 9/14/2016 9:42:50 PM.
     1>Project "C:\Users\Matt\Documents\OldProjects\Bonus\Bonus\Bonus\Bonus.vcxproj" on node 2 (build target(s)).
     1>InitializeBuildStatus:
         Creating "Debug\Bonus.unsuccessfulbuild" because "AlwaysCreate" was specified.
       ClCompile:
         C:\Program Files (x86)\Microsoft Visual Studio 10.0\VC\bin\CL.exe /c /ZI /nologo /W3 /WX- /Od /Oy- /D _MBCS /Gm /EHsc /RTC1 /MDd /GS /fp:precise /Zc:wchar_t /Zc:forScope /Fo"Debug\\" /Fd"Debug\vc100.pdb" /Gd /TP /analyze- /errorReport:prompt encryption.cpp
         encryption.cpp
     1>c:\users\matt\documents\oldprojects\bonus\bonus\bonus\encryption.cpp(10): warning C4018: '<' : signed/unsigned mismatch
     1>c:\users\matt\documents\oldprojects\bonus\bonus\bonus\encryption.cpp(19): warning C4018: '<' : signed/unsigned mismatch
       Link:
         C:\Program Files (x86)\Microsoft Visual Studio 10.0\VC\bin\link.exe /ERRORREPORT:PROMPT /OUT:"C:\Users\Matt\Documents\OldProjects\Bonus\Bonus\Debug\Bonus.exe" /NOLOGO kernel32.lib user32.lib gdi32.lib winspool.lib comdlg32.lib advapi32.lib shell32.lib ole32.lib oleaut32.lib uuid.lib odbc32.lib odbccp32.lib /MANIFEST /ManifestFile:"Debug\Bonus.exe.intermediate.manifest" /MANIFESTUAC:"level='asInvoker' uiAccess='false'" /DEBUG /PDB:"C:\Users\Matt\Documents\OldProjects\Bonus\Bonus\Debug\Bonus.pdb" /TLBID:1 /DYNAMICBASE /NXCOMPAT /IMPLIB:"C:\Users\Matt\Documents\OldProjects\Bonus\Bonus\Debug\Bonus.lib" /MACHINE:X86 Debug\encryption.obj
         Bonus.vcxproj -> C:\Users\Matt\Documents\OldProjects\Bonus\Bonus\Debug\Bonus.exe
       Manifest:
         C:\Program Files (x86)\Microsoft SDKs\Windows\v7.0A\bin\mt.exe /nologo /verbose /outputresource:"C:\Users\Matt\Documents\OldProjects\Bonus\Bonus\Debug\Bonus.exe;#1" /manifest Debug\Bonus.exe.intermediate.manifest
       FinalizeBuildStatus:
         Deleting file "Debug\Bonus.unsuccessfulbuild".
         Touching "Debug\Bonus.lastbuildstate".
     1>Done Building Project "C:\Users\Matt\Documents\OldProjects\Bonus\Bonus\Bonus\Bonus.vcxproj" (build target(s)).

Build succeeded.

Time Elapsed 00:00:01.74
